<?xml version="1.0" encoding="UTF-8"?>
<testsuite name="ch.biot.backend.TestMainVerticle" tests="1" skipped="0" failures="0" errors="0" timestamp="2020-11-12T15:46:43" hostname="Venelinux" time="0.461">
  <properties/>
  <testcase name="verticle_deployed(Vertx, VertxTestContext)" classname="ch.biot.backend.TestMainVerticle" time="0.461"/>
  <system-out><![CDATA[HTTP server started on port 8888
]]></system-out>
  <system-err><![CDATA[SLF4J: Failed to load class "org.slf4j.impl.StaticLoggerBinder".
SLF4J: Defaulting to no-operation (NOP) logger implementation
SLF4J: See http://www.slf4j.org/codes.html#StaticLoggerBinder for further details.
]]></system-err>
</testsuite>
